Reading /home/massimiliano/Desktop/Mordor/intensities44CaCompressed.ods
sauron -d 1157.0208 -g 4932.8 -p 1157.004 --param 1157 2 350 -0.1 10 --limit 1135 1175 --dont-ask



LEVEL: 1157.0208  GATE: 4932.8  TRANSITION: 1157.004
Fit Results --------------------------------------------------------
                 Mean:        1.16e+03 +-      0.165        |    0%
                 Sigma:            1.0 +-      0.169        |   17%
                 Amplitude:   3.62e+02 +-       52.0        |   14%
                 m:             -0.155 +-      0.772        | -500%
                 q:           1.75e+02 +-   8.92e+02        |  510%
                 I_diff:           0.0
                 I:           9.12e+02
            --------------------------------------------------------

sauron -d 2283.119 -g 3731.0 -p 1126.078 --param 1126 2 1000 -0.1 10 --limit 1120 1132 --dont-ask



LEVEL: 2283.119  GATE: 3731.0  TRANSITION: 1126.078
Fit Results --------------------------------------------------------
                 Mean:        1.13e+03 +-     0.0721        |    0%
                 Sigma:            1.1 +-     0.0801        |    7%
                 Amplitude:   9.71e+02 +-       55.9        |    6%
                 m:               2.68 +-       5.25        |  196%
                 q:          -2.96e+03 +-   5.91e+03        | -199%
                 I_diff:           0.0
                 I:           2.68e+03
            --------------------------------------------------------

sauron -d 3357.29 -g 2037.9 -p 2200.1 --param 2200 2 100 -0.1 1 --limit 2190 2210 --dont-ask



LEVEL: 3357.29  GATE: 2037.9  TRANSITION: 2200.1
Fit Results --------------------------------------------------------
                 Mean:         2.2e+03 +-      0.391        |    0%
                 Sigma:          0.491 +-      0.279        |   57%
                 Amplitude:       94.9 +-       40.0        |   42%
                 m:             -0.049 +-      0.941        | -1920%
                 q:           1.13e+02 +-   2.07e+03        | 1831%
                 I_diff:           0.0
                 I:           1.17e+02
            --------------------------------------------------------

sauron -d 3661.527 -g 1141.1 -p 2504.39 --param 2504 2 100 -0.1 0 --limit 2500 2508 --dont-ask



LEVEL: 3661.527  GATE: 1141.1  TRANSITION: 2504.39
Fit Results --------------------------------------------------------
                 Mean:         2.5e+03 +-      0.369        |    0%
                 Sigma:         -0.959 +-      0.484        |  -50%
                 Amplitude:       34.8 +-       12.1        |   35%
                 m:              0.139 +-       2.31        | 1664%
                 q:          -2.96e+02 +-    5.8e+03        | -1960%
                 I_diff:           0.0
                 I:               83.5
            --------------------------------------------------------

sauron -d 3661.527 -g 1839.7 -p 1777.973 --param 1778 2 100 -0.1 0 --limit 1678 1878 --dont-ask



LEVEL: 3661.527  GATE: 1839.7  TRANSITION: 1777.973
Fit Results --------------------------------------------------------
                 Mean:        1.78e+03 +-      0.296        |    0%
                 Sigma:           1.09 +-      0.297        |   27%
                 Amplitude:   1.31e+02 +-       31.0        |   24%
                 m:            -0.0774 +-      0.043        |  -56%
                 q:           1.54e+02 +-       76.5        |   50%
                 I_diff:           0.0
                 I:           3.58e+02
            --------------------------------------------------------

sauron -d 3676.092 -g 1825.9 -p 1017.5 --param 1017 2 2e6 -0.1 0 --limit 1010 1022 --dont-ask



LEVEL: 3676.092  GATE: 1825.9  TRANSITION: 1017.5
Fit Results --------------------------------------------------------
                 Mean:        1.02e+03 +-      0.089        |    0%
                 Sigma:           1.13 +-      0.101        |    9%
                 Amplitude:   3.83e+05 +-   2.67e+04        |    7%
                 m:           7.23e+03 +-   2.63e+03        |   36%
                 q:          -5.52e+06 +-   2.67e+06        |  -48%
                 I_diff:          -2.0
                 I:           1.09e+06
            --------------------------------------------------------

sauron -d 3676.092 -g 1420.2 -p 368.208 --param 368 2 1400 -0.1 0 --limit 361 378 --dont-ask



LEVEL: 3676.092  GATE: 1420.2  TRANSITION: 368.208
Fit Results --------------------------------------------------------
                 Mean:        3.68e+02 +-      0.102        |    0%
                 Sigma:          0.985 +-      0.107        |   11%
                 Amplitude:   1.02e+03 +-       92.4        |    9%
                 m:              -1.15 +-       4.92        | -427%
                 q:           7.92e+02 +-   1.82e+03        |  230%
                 I_diff:           0.0
                 I:           2.52e+03
            --------------------------------------------------------

sauron -d 3676.092 -g 519.7 -p 368.208 --param 368 2 1000 -0.1 0 --limit 362 378 --dont-ask



LEVEL: 3676.092  GATE: 519.7  TRANSITION: 368.208
Fit Results --------------------------------------------------------
                 Mean:        3.68e+02 +-       0.15        |    0%
                 Sigma:           1.05 +-      0.163        |   16%
                 Amplitude:   1.15e+03 +-   1.45e+02        |   13%
                 m:               9.99 +-       8.87        |   89%
                 q:           -1.9e+03 +-   3.29e+03        | -173%
                 I_diff:           0.0
                 I:           3.02e+03
            --------------------------------------------------------

sauron -d 3711.96 -g 1518.2 -p 2554.9 --param 2554 2 1000 -0.1 0 --limit 2546 2562 --dont-ask



LEVEL: 3711.96  GATE: 1518.2  TRANSITION: 2554.9
Fit Results --------------------------------------------------------
                 Mean:        2.55e+03 +-      0.305        |    0%
                 Sigma:           0.54 +-       0.21        |   39%
                 Amplitude:       96.5 +-       29.4        |   30%
                 m:              0.214 +-       1.35        |  630%
                 q:          -5.37e+02 +-   3.45e+03        | -642%
                 I_diff:           0.0
                 I:           1.31e+02
            --------------------------------------------------------

sauron -d 3711.96 -g 1577.4 -p 667.3 --param 667 2 1000 -0.1 0 --limit 659 675 --dont-ask



LEVEL: 3711.96  GATE: 1577.4  TRANSITION: 667.3
Fit Results --------------------------------------------------------
                 Mean:        6.67e+02 +-      0.397        |    0%
                 Sigma:           1.32 +-      0.435        |   33%
                 Amplitude:   2.07e+02 +-       55.0        |   27%
                 m:              0.798 +-       3.66        |  459%
                 q:          -2.35e+02 +-   2.44e+03        | -1040%
                 I_diff:           0.0
                 I:           6.82e+02
            --------------------------------------------------------

sauron -d 3711.96 -g 1588.7 -p 667.3 --param 667 3 3500 -0.1 0 --limit 661 677 --dont-ask



LEVEL: 3711.96  GATE: 1588.7  TRANSITION: 667.3
Fit Results --------------------------------------------------------
                 Mean:        6.68e+02 +-      0.456        |    0%
                 Sigma:          -1.47 +-      0.511        |  -35%
                 Amplitude:   3.76e+02 +-   1.03e+02        |   27%
                 m:               2.87 +-       7.38        |  257%
                 q:          -1.39e+03 +-   4.95e+03        | -355%
                 I_diff:           0.0
                 I:           1.39e+03
            --------------------------------------------------------

sauron -d 3711.96 -g 202.1 -p 667.3 --param 667.3 1 1000 -0.1 0 --limit 652 682 --dont-ask



LEVEL: 3711.96  GATE: 202.1  TRANSITION: 667.3
Fit Results --------------------------------------------------------
                 Mean:        6.67e+02 +-      0.249        |    0%
                 Sigma:            1.5 +-      0.262        |   17%
                 Amplitude:    4.5e+03 +-   6.56e+02        |   15%
                 m:                2.8 +-       18.2        |  649%
                 q:          -1.63e+03 +-   1.21e+04        | -744%
                 I_diff:           0.0
                 I:           1.69e+04
            --------------------------------------------------------

sauron -d 3711.96 -g 202.1 -p 2554.9 --param 2554 1 1000 -0.1 0 --limit 2550 2558 --dont-ask



LEVEL: 3711.96  GATE: 202.1  TRANSITION: 2554.9
Fit Results --------------------------------------------------------
                 Mean:        2.55e+03 +-      0.364        |    0%
                 Sigma:          0.432 +-      0.198        |   46%
                 Amplitude:   2.07e+02 +-       50.6        |   24%
                 m:              -3.68 +-       5.49        | -149%
                 q:           9.42e+03 +-    1.4e+04        |  149%
                 I_diff:          -9.0
                 I:           2.24e+02
            --------------------------------------------------------

sauron -d 3711.96 -g 2063.2 -p 2554.9 --param 2554 1 50 -0.1 0 --limit 2548 2558 --dont-ask



LEVEL: 3711.96  GATE: 2063.2  TRANSITION: 2554.9
Fit Results --------------------------------------------------------
                 Mean:        2.55e+03 +-       0.26        |    0%
                 Sigma:          0.644 +-      0.372        |   58%
                 Amplitude:       67.8 +-       27.3        |   40%
                 m:             -0.179 +-       2.44        | -1361%
                 q:           4.42e+02 +-   6.22e+03        | 1407%
                 I_diff:           0.0
                 I:           1.09e+02
            --------------------------------------------------------

sauron -d 3711.96 -g 211.3 -p 667.3 --param 667 3 3500 -0.1 0 --limit 661 677 --dont-ask



LEVEL: 3711.96  GATE: 211.3  TRANSITION: 667.3
Fit Results --------------------------------------------------------
                 Mean:        6.67e+02 +-       0.17        |    0%
                 Sigma:           1.88 +-      0.222        |   12%
                 Amplitude:   1.79e+03 +-    1.5e+02        |    8%
                 m:              -16.1 +-       14.5        |  -90%
                 q:           1.25e+04 +-   9.78e+03        |   78%
                 I_diff:          -1.0
                 I:           8.41e+03
            --------------------------------------------------------

sauron -d 3711.96 -g 211.3 -p 404.26 --param 404 2 100 -0.1 0 --limit 398 414 --dont-ask



LEVEL: 3711.96  GATE: 211.3  TRANSITION: 404.26
Fit Results --------------------------------------------------------
                 Mean:        4.04e+02 +-     0.0484        |    0%
                 Sigma:          0.802 +-     0.0575        |    7%
                 Amplitude:   1.18e+04 +-   6.58e+02        |    6%
                 m:               9.76 +-       34.0        |  348%
                 q:           -1.2e+03 +-   1.38e+04        | -1154%
                 I_diff:           0.0
                 I:           2.36e+04
            --------------------------------------------------------

sauron -d 3711.96 -g 1836.6 -p 667.3 --param 667 1 1000 -0.1 0 --limit 657 674 --dont-ask



LEVEL: 3711.96  GATE: 1836.6  TRANSITION: 667.3
Fit Results --------------------------------------------------------
                 Mean:        6.65e+02 +-      0.106        |    0%
                 Sigma:          0.928 +-       0.11        |   12%
                 Amplitude:   4.98e+02 +-       49.6        |   10%
                 m:              -2.87 +-       2.54        |  -89%
                 q:           1.99e+03 +-   1.69e+03        |   85%
                 I_diff:           0.0
                 I:           1.16e+03
            --------------------------------------------------------

sauron -d 3711.96 -g 1836.6 -p 2554.9 --param 2554 1 1000 -0.1 0 --limit 2547 2562 --dont-ask



LEVEL: 3711.96  GATE: 1836.6  TRANSITION: 2554.9
Fit Results --------------------------------------------------------
                 Mean:        2.55e+03 +-      0.643        |    0%
                 Sigma:          0.828 +-       0.72        |   87%
                 Amplitude:       41.9 +-       29.3        |   70%
                 m:             0.0941 +-       1.68        | 1781%
                 q:          -2.38e+02 +-   4.28e+03        | -1797%
                 I_diff:           0.0
                 I:               86.9
            --------------------------------------------------------

sauron -d 3711.96 -g 2957.6 -p 2554.9 --param 2554 1 40 -0.1 0 --limit 2534 2574 --dont-ask



LEVEL: 3711.96  GATE: 2957.6  TRANSITION: 2554.9
Fit Results --------------------------------------------------------
                 Mean:        2.56e+03 +-      0.981        |    0%
                 Sigma:          -4.23 +-       1.19        |  -28%
                 Amplitude:       48.6 +-       10.1        |   21%
                 m:              0.245 +-      0.343        |  140%
                 q:          -6.33e+02 +-   8.74e+02        | -138%
                 I_diff:           0.0
                 I:           5.15e+02
            --------------------------------------------------------

sauron -d 3711.96 -g 3138.4 -p 667.3 --limit 655 687 --dont-ask



LEVEL: 3711.96  GATE: 3138.4  TRANSITION: 667.3
Fit Results --------------------------------------------------------
                 Mean:         6.7e+02 +-      0.616        |    0%
                 Sigma:          -1.52 +-      0.648        |  -43%
                 Amplitude:   1.04e+02 +-       36.9        |   36%
                 m:               1.33 +-      0.936        |   70%
                 q:          -8.35e+02 +-   6.29e+02        |  -75%
                 I_diff:           0.0
                 I:           3.95e+02
            --------------------------------------------------------

sauron -d 3711.96 -g 7418.8 -p 667.3 --param 667 2 100 -0.1 0 --limit 657 677 --dont-ask



LEVEL: 3711.96  GATE: 7418.8  TRANSITION: 667.3
Fit Results --------------------------------------------------------
                 Mean:        6.67e+02 +-      0.154        |    0%
                 Sigma:            0.9 +-      0.159        |   18%
                 Amplitude:   1.29e+02 +-       19.3        |   15%
                 m:             -0.852 +-      0.766        |  -90%
                 q:           7.22e+02 +-   5.11e+02        |   71%
                 I_diff:           0.0
                 I:           2.92e+02
            --------------------------------------------------------

sauron -d 3776.27 -g 1524.4 -p 1119.7 --param 1119 2 100 -0.1 0 --limit 1099 1124 --dont-ask



LEVEL: 3776.27  GATE: 1524.4  TRANSITION: 1119.7
Fit Results --------------------------------------------------------
                 Mean:        1.12e+03 +-      0.343        |    0%
                 Sigma:           1.06 +-      0.397        |   38%
                 Amplitude:   1.84e+02 +-       54.4        |   30%
                 m:               2.29 +-       2.03        |   88%
                 q:          -2.53e+03 +-   2.25e+03        |  -89%
                 I_diff:           0.0
                 I:           4.87e+02
            --------------------------------------------------------

sauron -d 3776.27 -g 1816.3 -p 475.2 --param 475 1 100 -0.1 0 --limit 455 494 --dont-ask



LEVEL: 3776.27  GATE: 1816.3  TRANSITION: 475.2
Fit Results --------------------------------------------------------
                 Mean:        4.75e+02 +-      0.927        |    0%
                 Sigma:          0.518 +-      0.817        |  158%
                 Amplitude:   1.99e+02 +-    2.5e+02        |  126%
                 m:               1.17 +-       1.93        |  165%
                 q:          -2.89e+02 +-   9.14e+02        | -316%
                 I_diff:           0.0
                 I:           2.58e+02
            --------------------------------------------------------

sauron -d 3776.27 -g 2896.7 -p 1119.7 --param 1119 2 100 -0.1 0 --limit 1099 1124 --dont-ask



LEVEL: 3776.27  GATE: 2896.7  TRANSITION: 1119.7
Fit Results --------------------------------------------------------
                 Mean:        1.12e+03 +-      0.249        |    0%
                 Sigma:          0.774 +-      0.316        |   41%
                 Amplitude:   1.24e+02 +-       38.2        |   31%
                 m:              0.568 +-        1.1        |  194%
                 q:          -5.98e+02 +-   1.22e+03        | -205%
                 I_diff:           0.0
                 I:           2.41e+02
            --------------------------------------------------------

sauron -d 3913.8 -g 1374.8 -p 869.47 --param 869 2 2000 -0.1 0 --limit 859 874 --dont-ask



LEVEL: 3913.8  GATE: 1374.8  TRANSITION: 869.47
Fit Results --------------------------------------------------------
                 Mean:        8.69e+02 +-     0.0436        |    0%
                 Sigma:           1.12 +-      0.051        |    5%
                 Amplitude:   2.57e+03 +-       90.7        |    4%
                 m:              -6.98 +-       7.01        | -100%
                 q:           6.38e+03 +-   6.06e+03        |   95%
                 I_diff:           0.0
                 I:           7.18e+03
            --------------------------------------------------------

sauron -d 3913.8 -g 651.07 -p 202.1 --param 202 1 100 -0.1 0 --limit 198 205 --dont-ask



LEVEL: 3913.8  GATE: 651.07  TRANSITION: 202.1
Fit Results --------------------------------------------------------
                 Mean:        2.02e+02 +-     0.0602        |    0%
                 Sigma:         -0.787 +-     0.0857        |  -11%
                 Amplitude:   6.43e+03 +-   4.49e+02        |    7%
                 m:          -2.81e+02 +-       85.3        |  -30%
                 q:           6.81e+04 +-   1.71e+04        |   25%
                 I_diff:           0.0
                 I:           1.27e+04
            --------------------------------------------------------

sauron -d 3913.8 -g 651.07 -p 1630.4 --param 1630 1 100 -0.1 0 --limit 1610 1640 --dont-ask



LEVEL: 3913.8  GATE: 651.07  TRANSITION: 1630.4
Fit Results --------------------------------------------------------
                 Mean:        1.63e+03 +-     0.0814        |    0%
                 Sigma:           1.23 +-     0.0869        |    7%
                 Amplitude:   3.55e+03 +-   2.07e+02        |    6%
                 m:               3.44 +-       5.48        |  159%
                 q:          -4.45e+03 +-   8.89e+03        | -200%
                 I_diff:           0.0
                 I:            1.1e+04
            --------------------------------------------------------

sauron -d 4196.1 -g 1353.1 -p 894.2 --param 894 1 200 0.1 0.1 --limit 889 910 --dont-ask



LEVEL: 4196.1  GATE: 1353.1  TRANSITION: 894.2
Fit Results --------------------------------------------------------
                 Mean:        8.94e+02 +-      0.203        |    0%
                 Sigma:           1.34 +-      0.245        |   18%
                 Amplitude:   4.51e+02 +-       62.9        |   14%
                 m:               2.39 +-       3.45        |  145%
                 q:             -2e+03 +-   3.12e+03        | -156%
                 I_diff:           0.0
                 I:           1.51e+03
            --------------------------------------------------------

sauron -d 4196.1 -g 1397.4 -p 519.7 --param 519 1 200 0.1 0.1 --limit 516 525 --dont-ask



LEVEL: 4196.1  GATE: 1397.4  TRANSITION: 519.7
Fit Results --------------------------------------------------------
                 Mean:         5.2e+02 +-       0.48        |    0%
                 Sigma:          0.498 +-      0.327        |   66%
                 Amplitude:   3.09e+02 +-   1.35e+02        |   44%
                 m:               5.02 +-       13.7        |  272%
                 q:          -2.56e+03 +-   7.12e+03        | -278%
                 I_diff:          -3.0
                 I:           3.85e+02
            --------------------------------------------------------

sauron -d 4196.1 -g 1397.4 -p 1912.18 --param 1912 1 200 0.1 0.1 --limit 1910 1919 --dont-ask



LEVEL: 4196.1  GATE: 1397.4  TRANSITION: 1912.18
Fit Results --------------------------------------------------------
                 Mean:        1.91e+03 +-      0.565        |    0%
                 Sigma:           1.19 +-      0.959        |   81%
                 Amplitude:      1e+02 +-       69.0        |   69%
                 m:               1.31 +-       14.4        | 1099%
                 q:          -2.49e+03 +-   2.75e+04        | -1106%
                 I_diff:           0.0
                 I:           2.91e+02
            --------------------------------------------------------

sauron -d 4196.1 -g 1579.6 -p 519.7 --param 519 1 200 0.1 0.1 --limit 516 523 --dont-ask



LEVEL: 4196.1  GATE: 1579.6  TRANSITION: 519.7
Fit Results --------------------------------------------------------
                 Mean:        5.19e+02 +-      0.197        |    0%
                 Sigma:          0.833 +-      0.217        |   26%
                 Amplitude:      3e+02 +-       61.3        |   20%
                 m:               1.15 +-       11.5        |  998%
                 q:          -2.95e+02 +-   5.97e+03        | -2022%
                 I_diff:           0.0
                 I:           6.26e+02
            --------------------------------------------------------

sauron -d 4196.1 -g 1579.6 -p 4196.1 --param 4196 1 20 0.1 0.1 --limit 4193 4200 --dont-ask



LEVEL: 4196.1  GATE: 1579.6  TRANSITION: 4196.1
Fit Results --------------------------------------------------------
                 Mean:         4.2e+03 +-      0.392        |    0%
                 Sigma:           0.92 +-      0.497        |   54%
                 Amplitude:       20.5 +-       7.71        |   38%
                 m:             -0.297 +-       1.57        | -530%
                 q:           1.25e+03 +-    6.6e+03        |  528%
                 I_diff:           0.0
                 I:               47.3
            --------------------------------------------------------

sauron -d 4196.1 -g 2477.0 -p 894.2 --param 894 1 20 0.1 0.1 --limit 891 896 --dont-ask



LEVEL: 4196.1  GATE: 2477.0  TRANSITION: 894.2
Fit Results --------------------------------------------------------
                 Mean:        8.94e+02 +-        inf        |  inf%
                 Sigma:         -0.758 +-        inf        | -inf%
                 Amplitude:   2.07e+02 +-        inf        |  inf%
                 m:              -12.8 +-        inf        | -inf%
                 q:           1.15e+04 +-        inf        |  inf%
                 I_diff:           0.0
                 I:           3.93e+02
            --------------------------------------------------------

sauron -d 4196.1 -g 2477.0 -p 519.7 --param 519 1 200 0.1 0.1 --limit 515 523 --dont-ask



LEVEL: 4196.1  GATE: 2477.0  TRANSITION: 519.7
Fit Results --------------------------------------------------------
                 Mean:        5.19e+02 +-      0.391        |    0%
                 Sigma:          0.675 +-      0.315        |   47%
                 Amplitude:   2.65e+02 +-   1.14e+02        |   43%
                 m:               2.29 +-       16.9        |  739%
                 q:          -1.17e+03 +-   8.76e+03        | -751%
                 I_diff:           0.0
                 I:           4.48e+02
            --------------------------------------------------------

sauron -d 4196.1 -g 6935.2 -p 519.7 --param 519 1 200 0.1 0.1 --limit 516 530 --dont-ask



LEVEL: 4196.1  GATE: 6935.2  TRANSITION: 519.7
Fit Results --------------------------------------------------------
                 Mean:         5.2e+02 +-      0.119        |    0%
                 Sigma:          0.587 +-      0.191        |   33%
                 Amplitude:   1.83e+02 +-       41.9        |   23%
                 m:              -6.38 +-       1.65        |  -26%
                 q:           3.46e+03 +-   8.67e+02        |   25%
                 I_diff:           0.0
                 I:           2.69e+02
            --------------------------------------------------------

sauron -d 4196.1 -g 6935.2 -p 483.4 --param 483 1 200 0.1 0.1 --limit 480 487 --dont-ask



LEVEL: 4196.1  GATE: 6935.2  TRANSITION: 483.4
Fit Results --------------------------------------------------------
                 Mean:        4.84e+02 +-      0.182        |    0%
                 Sigma:          0.947 +-      0.236        |   25%
                 Amplitude:   2.31e+02 +-       39.3        |   17%
                 m:              -16.4 +-       8.48        |  -52%
                 q:           8.23e+03 +-   4.09e+03        |   50%
                 I_diff:           0.0
                 I:           5.47e+02
            --------------------------------------------------------

sauron -d 4196.1 -g 900.8 -p 519.7 --param 519 1 200 0.1 0.1 --limit 516 521 --dont-ask



LEVEL: 4196.1  GATE: 900.8  TRANSITION: 519.7
Fit Results --------------------------------------------------------
                 Mean:        5.18e+02 +-        inf        |  inf%
                 Sigma:           1.38 +-        inf        |  inf%
                 Amplitude:    2.8e+02 +-        inf        |  inf%
                 m:              -12.7 +-        inf        | -inf%
                 q:           6.86e+03 +-        inf        |  inf%
                 I_diff:          -5.0
                 I:              9e+02
            --------------------------------------------------------

sauron -d 4315.22 -g 1418.1 -p 1007.7 --param 1007 1 600 0.1 0.1 --limit 1005 1013 --dont-ask



LEVEL: 4315.22  GATE: 1418.1  TRANSITION: 1007.7
Fit Results --------------------------------------------------------
                 Mean:        1.01e+03 +-       0.23        |    0%
                 Sigma:           1.04 +-      0.308        |   30%
                 Amplitude:   4.32e+02 +-       88.3        |   20%
                 m:              -36.7 +-       18.1        |  -49%
                 q:           3.73e+04 +-   1.83e+04        |   49%
                 I_diff:           0.0
                 I:           1.12e+03
            --------------------------------------------------------

sauron -d 4358.44 -g 1142.9 -p 682.34 --param 682 1 100 0 1 --limit 677 685 --dont-ask



LEVEL: 4358.44  GATE: 1142.9  TRANSITION: 682.34
Fit Results --------------------------------------------------------
                 Mean:        6.81e+02 +-      0.198        |    0%
                 Sigma:          0.934 +-      0.229        |   25%
                 Amplitude:   4.91e+02 +-       90.9        |   19%
                 m:              -9.19 +-       14.7        | -160%
                 q:           6.27e+03 +-      1e+04        |  160%
                 I_diff:           0.0
                 I:           1.15e+03
            --------------------------------------------------------

sauron -d 4358.44 -g 1416.7 -p 646.5 --param 646 1 100 0 1 --limit 640 650 --dont-ask



LEVEL: 4358.44  GATE: 1416.7  TRANSITION: 646.5
Fit Results --------------------------------------------------------
                 Mean:        6.46e+02 +-      0.326        |    0%
                 Sigma:           1.07 +-      0.399        |   37%
                 Amplitude:   2.28e+02 +-       62.5        |   27%
                 m:              -6.98 +-        8.7        | -125%
                 q:           4.69e+03 +-    5.6e+03        |  119%
                 I_diff:           0.0
                 I:           6.13e+02
            --------------------------------------------------------

sauron -d 4358.44 -g 2313.6 -p 646.5 --param 646.5 1 100 0 1 --limit 634 655 --dont-ask



LEVEL: 4358.44  GATE: 2313.6  TRANSITION: 646.5
Fit Results --------------------------------------------------------
                 Mean:        6.47e+02 +-      0.737        |    0%
                 Sigma:            1.2 +-       0.79        |   66%
                 Amplitude:   2.83e+02 +-   1.54e+02        |   54%
                 m:              -1.24 +-       6.63        | -535%
                 q:           7.82e+02 +-   4.27e+03        |  546%
                 I_diff:           0.0
                 I:           8.47e+02
            --------------------------------------------------------

sauron -d 4399.2 -g 1335.0 -p 686.9 --param 687 1 100 1 0 --limit 680 690 --dont-ask



LEVEL: 4399.2  GATE: 1335.0  TRANSITION: 686.9
Fit Results --------------------------------------------------------
                 Mean:        6.87e+02 +-       0.54        |    0%
                 Sigma:          0.564 +-      0.806        |  143%
                 Amplitude:   1.94e+02 +-   1.82e+02        |   94%
                 m:               2.51 +-       12.2        |  484%
                 q:          -1.69e+03 +-   8.32e+03        | -492%
                 I_diff:           0.0
                 I:           2.75e+02
            --------------------------------------------------------

sauron -d 4399.2 -g 1335.0 -p 1091.1 --param 1091 2 350 -0.1 10 --limit 1082 1099 --dont-ask



LEVEL: 4399.2  GATE: 1335.0  TRANSITION: 1091.1
Fit Results --------------------------------------------------------
                 Mean:        1.09e+03 +-      0.454        |    0%
                 Sigma:           1.73 +-       0.52        |   30%
                 Amplitude:   2.06e+02 +-       47.7        |   23%
                 m:              -1.62 +-       3.43        | -212%
                 q:            1.8e+03 +-   3.73e+03        |  207%
                 I_diff:           0.0
                 I:           8.96e+02
            --------------------------------------------------------

sauron -d 4409.176 -g 1183.5 -p 747.63 --param 747 2 350 -0.1 10 --limit 727 755 --dont-ask



LEVEL: 4409.176  GATE: 1183.5  TRANSITION: 747.63
Fit Results --------------------------------------------------------
                 Mean:        7.48e+02 +-      0.136        |    0%
                 Sigma:          0.579 +-       0.32        |   55%
                 Amplitude:   4.64e+02 +-   1.99e+02        |   43%
                 m:               1.65 +-       1.93        |  117%
                 q:           2.11e+02 +-   1.43e+03        |  675%
                 I_diff:           1.0
                 I:           6.73e+02
            --------------------------------------------------------

sauron -d 4409.176 -g 1183.5 -p 733.0 --param 733 2 350 -0.1 10 --limit 728 740 --dont-ask



LEVEL: 4409.176  GATE: 1183.5  TRANSITION: 733.0
Fit Results --------------------------------------------------------
                 Mean:        7.33e+02 +-       1.48        |    0%
                 Sigma:         -0.432 +-       2.45        | -566%
                 Amplitude:   2.07e+02 +-   1.45e+03        |  697%
                 m:               9.98 +-       6.63        |   66%
                 q:          -5.92e+03 +-   4.87e+03        |  -82%
                 I_diff:           7.0
                 I:           2.25e+02
            --------------------------------------------------------

sauron -d 4409.176 -g 1183.5 -p 1107.98 --param 1107 2 350 -0.1 10 --limit 1090 1113 --dont-ask



LEVEL: 4409.176  GATE: 1183.5  TRANSITION: 1107.98
Fit Results --------------------------------------------------------
                 Mean:        1.11e+03 +-      0.404        |    0%
                 Sigma:          0.689 +-      0.359        |   52%
                 Amplitude:   1.33e+02 +-       60.8        |   46%
                 m:              -2.76 +-       1.98        |  -72%
                 q:           3.59e+03 +-   2.18e+03        |   61%
                 I_diff:           0.0
                 I:            2.3e+02
            --------------------------------------------------------

sauron -d 4409.176 -g 1324.0 -p 747.63 --param 747 1 100 1 0 --limit 737 758 --dont-ask



LEVEL: 4409.176  GATE: 1324.0  TRANSITION: 747.63
Fit Results --------------------------------------------------------
                 Mean:        7.48e+02 +-      0.104        |    0%
                 Sigma:          0.888 +-      0.114        |   13%
                 Amplitude:   4.36e+02 +-       45.9        |   11%
                 m:               1.55 +-       1.65        |  107%
                 q:          -1.03e+03 +-   1.23e+03        | -120%
                 I_diff:           0.0
                 I:            9.7e+02
            --------------------------------------------------------

sauron -d 4409.176 -g 6721.0 -p 747.63 --param 747 1 100 1 0 --limit 739 752 --dont-ask



LEVEL: 4409.176  GATE: 6721.0  TRANSITION: 747.63
Fit Results --------------------------------------------------------
                 Mean:        7.47e+02 +-      0.247        |    0%
                 Sigma:          0.961 +-      0.275        |   29%
                 Amplitude:   1.28e+02 +-       29.4        |   23%
                 m:               3.58 +-       2.47        |   69%
                 q:          -2.66e+03 +-   1.84e+03        |  -69%
                 I_diff:           0.0
                 I:           3.09e+02
            --------------------------------------------------------

sauron -d 4479.9 -g 6651.3 -p 703.4 --param 703 2 50 0 0 --limit 701 706 --dont-ask



LEVEL: 4479.9  GATE: 6651.3  TRANSITION: 703.4
Fit Results --------------------------------------------------------
                 Mean:        7.04e+02 +-        inf        |  inf%
                 Sigma:          0.759 +-        inf        |  inf%
                 Amplitude:       98.4 +-        inf        |  inf%
                 m:              -12.1 +-        inf        | -inf%
                 q:           8.53e+03 +-        inf        |  inf%
                 I_diff:           0.0
                 I:           1.86e+02
            --------------------------------------------------------

sauron -d 4584.08 -g 704.5 -p 1226.9 --param 1226.9 1 100 0 0 --limit 1224 1231 --dont-ask



LEVEL: 4584.08  GATE: 704.5  TRANSITION: 1226.9
Fit Results --------------------------------------------------------
                 Mean:        1.23e+03 +-     0.0297        |    0%
                 Sigma:          0.645 +-     0.0437        |    7%
                 Amplitude:   1.83e+02 +-       8.34        |    5%
                 m:              -1.12 +-       1.15        | -103%
                 q:           1.42e+03 +-   1.42e+03        |  100%
                 I_diff:           0.0
                 I:           2.96e+02
            --------------------------------------------------------

sauron -d 4650.3 -g 898.0 -p 1349.4 --limit 1335 1363 --dont-ask



LEVEL: 4650.3  GATE: 898.0  TRANSITION: 1349.4
Fit Results --------------------------------------------------------
                 Mean:        1.35e+03 +-       0.25        |    0%
                 Sigma:           1.47 +-      0.264        |   18%
                 Amplitude:   2.49e+02 +-       37.2        |   15%
                 m:             -0.805 +-       1.13        | -141%
                 q:           1.27e+03 +-   1.53e+03        |  120%
                 I_diff:           0.0
                 I:           9.19e+02
            --------------------------------------------------------

sauron -d 4650.3 -g 898.0 -p 989.0 --param 988 3 300 1 0 --limit 980 992 --dont-ask



LEVEL: 4650.3  GATE: 898.0  TRANSITION: 989.0
Fit Results --------------------------------------------------------
                 Mean:        9.88e+02 +-      0.381        |    0%
                 Sigma:           1.42 +-      0.483        |   34%
                 Amplitude:   3.28e+02 +-       80.0        |   24%
                 m:               13.1 +-       9.95        |   76%
                 q:          -1.26e+04 +-   9.79e+03        |  -78%
                 I_diff:           0.0
                 I:           1.16e+03
            --------------------------------------------------------

sauron -d 4650.3 -g 898.0 -p 874.3 --param 874 1 500 1 0 --limit 871 879 --dont-ask



LEVEL: 4650.3  GATE: 898.0  TRANSITION: 874.3
Fit Results --------------------------------------------------------
                 Mean:        8.75e+02 +-      0.137        |    0%
                 Sigma:           0.67 +-      0.177        |   26%
                 Amplitude:   1.09e+03 +-   2.04e+02        |   19%
                 m:               75.5 +-       25.4        |   34%
                 q:          -6.51e+04 +-   2.22e+04        |  -34%
                 I_diff:           0.0
                 I:           1.83e+03
            --------------------------------------------------------

sauron -d 4650.3 -g 6480.2 -p 989.0 --param 989 1 500 1 0 --limit 978 1000 --dont-ask



LEVEL: 4650.3  GATE: 6480.2  TRANSITION: 989.0
Fit Results --------------------------------------------------------
                 Mean:        9.89e+02 +-      0.152        |    0%
                 Sigma:           1.07 +-       0.16        |   15%
                 Amplitude:   1.81e+02 +-       22.5        |   12%
                 m:              -4.19 +-      0.837        |  -20%
                 q:           4.39e+03 +-   8.28e+02        |   19%
                 I_diff:           0.0
                 I:           4.86e+02
            --------------------------------------------------------

sauron -d 4803.6 -g 6328.3 -p 1141.1 --param 1141 2 500 1 0 --limit 1130 1150 --dont-ask



LEVEL: 4803.6  GATE: 6328.3  TRANSITION: 1141.1
Fit Results --------------------------------------------------------
                 Mean:        1.14e+03 +-     0.0904        |    0%
                 Sigma:            1.1 +-     0.0961        |    9%
                 Amplitude:   2.09e+02 +-       15.1        |    7%
                 m:             -0.211 +-      0.665        | -315%
                 q:              3e+02 +-   7.58e+02        |  252%
                 I_diff:           0.0
                 I:           5.78e+02
            --------------------------------------------------------

sauron -d 4803.6 -g 972.6 -p 1494.6 --param 1494 3 100 1 0 --limit 1474 1499 --dont-ask



LEVEL: 4803.6  GATE: 972.6  TRANSITION: 1494.6
Fit Results --------------------------------------------------------
                 Mean:             0.0 +-        0.0        |  nan%
                 Sigma:            0.0 +-        0.0        |  nan%
                 Amplitude:        0.0 +-        0.0        |  nan%
                 m:                0.0 +-        0.0        |  nan%
                 q:                0.0 +-        0.0        |  nan%
                 I_diff:         1e+09
                 I:                0.0
            --------------------------------------------------------

sauron -d 4803.6 -g 972.6 -p 2145.52 --param 2145 3 100 1 0 --limit 2125 2147 --dont-ask



LEVEL: 4803.6  GATE: 972.6  TRANSITION: 2145.52
Fit Results --------------------------------------------------------
                 Mean:        2.14e+03 +-      0.307        |    0%
                 Sigma:           1.99 +-      0.455        |   23%
                 Amplitude:   2.08e+02 +-       39.2        |   19%
                 m:              -2.49 +-       2.63        | -106%
                 q:           5.41e+03 +-   5.61e+03        |  104%
                 I_diff:          -2.0
                 I:           9.68e+02
            --------------------------------------------------------

sauron -d 4803.6 -g 972.6 -p 1141.1 --param 1141 3 100 1 0 --limit 1130 1150 --dont-ask



LEVEL: 4803.6  GATE: 972.6  TRANSITION: 1141.1
Fit Results --------------------------------------------------------
                 Mean:        1.14e+03 +-      0.235        |    0%
                 Sigma:          0.915 +-      0.255        |   28%
                 Amplitude:   1.49e+02 +-       34.2        |   23%
                 m:              -2.18 +-       1.35        |  -62%
                 q:           2.65e+03 +-   1.54e+03        |   58%
                 I_diff:           0.0
                 I:           3.42e+02
            --------------------------------------------------------

sauron -d 4884.02 -g 1050.9 -p 1222.5 --para 1222 2 100 1 0 --limit 1218 1242 --dont-ask



LEVEL: 4884.02  GATE: 1050.9  TRANSITION: 1222.5
Fit Results --------------------------------------------------------
                 Mean:        1.22e+03 +-      0.192        |    0%
                 Sigma:           1.38 +-      0.236        |   17%
                 Amplitude:   2.83e+02 +-       36.5        |   13%
                 m:             0.0202 +-       1.74        | 8584%
                 q:           2.22e+02 +-   2.14e+03        |  966%
                 I_diff:           0.0
                 I:           9.78e+02
            --------------------------------------------------------

sauron -d 5096.87 -g 1753.1 -p 1173.9 --param 1174 2 150 1 0 --limit 1165 1180 --dont-ask



LEVEL: 5096.87  GATE: 1753.1  TRANSITION: 1173.9
Fit Results --------------------------------------------------------
                 Mean:        1.17e+03 +-      0.728        |    0%
                 Sigma:          0.592 +-       0.51        |   86%
                 Amplitude:       81.7 +-       61.5        |   75%
                 m:             -0.537 +-       3.53        | -658%
                 q:           6.75e+02 +-   4.14e+03        |  613%
                 I_diff:           0.0
                 I:           1.21e+02
            --------------------------------------------------------

sauron -d 5096.87 -g 476.8 -p 697.6 --limit 690 701 --dont-ask



LEVEL: 5096.87  GATE: 476.8  TRANSITION: 697.6
Fit Results --------------------------------------------------------
                 Mean:        6.97e+02 +-      0.747        |    0%
                 Sigma:          0.601 +-       0.56        |   93%
                 Amplitude:      2e+02 +-   1.62e+02        |   81%
                 m:              -7.82 +-       14.3        | -183%
                 q:           6.76e+03 +-   9.94e+03        |  147%
                 I_diff:           0.0
                 I:           3.01e+02
            --------------------------------------------------------

sauron -d 5096.87 -g 476.8 -p 532.1 --limit 528 538 --dont-ask



LEVEL: 5096.87  GATE: 476.8  TRANSITION: 532.1
Fit Results --------------------------------------------------------
                 Mean:        5.33e+02 +-      0.482        |    0%
                 Sigma:          0.921 +-      0.553        |   60%
                 Amplitude:   4.02e+02 +-   1.87e+02        |   46%
                 m:              -38.0 +-       21.0        |  -55%
                 q:           2.21e+04 +-   1.12e+04        |   51%
                 I_diff:           0.0
                 I:           9.28e+02
            --------------------------------------------------------

sauron -d 5096.87 -g 678.6 -p 1173.9 --limit 1170 1179 --dont-ask



LEVEL: 5096.87  GATE: 678.6  TRANSITION: 1173.9
Fit Results --------------------------------------------------------
                 Mean:        1.17e+03 +-      0.149        |    0%
                 Sigma:           0.98 +-      0.173        |   18%
                 Amplitude:      3e+02 +-       40.0        |   13%
                 m:               5.57 +-       5.58        |  100%
                 q:          -6.55e+03 +-   6.55e+03        | -100%
                 I_diff:           0.0
                 I:           7.37e+02
            --------------------------------------------------------

sauron -d 5230.33 -g 545.3 -p 1922.4 --limit 1917 1926 --dont-ask



LEVEL: 5230.33  GATE: 545.3  TRANSITION: 1922.4
Fit Results --------------------------------------------------------
                 Mean:        1.92e+03 +-      0.282        |    0%
                 Sigma:          0.972 +-      0.332        |   34%
                 Amplitude:   1.01e+02 +-       25.9        |   26%
                 m:             -0.525 +-       3.64        | -692%
                 q:           1.01e+03 +-   6.98e+03        |  691%
                 I_diff:           0.0
                 I:           2.46e+02
            --------------------------------------------------------

sauron -d 5289.25 -g 444.5 -p 1196.7 --param 1197 3 2000 1 0 --limit 1194 1202 --dont-ask



LEVEL: 5289.25  GATE: 444.5  TRANSITION: 1196.7
Fit Results --------------------------------------------------------
                 Mean:         1.2e+03 +-      0.133        |    0%
                 Sigma:          0.859 +-      0.167        |   19%
                 Amplitude:   3.52e+02 +-       49.4        |   14%
                 m:              -43.6 +-       9.51        |  -22%
                 q:           5.23e+04 +-   1.14e+04        |   22%
                 I_diff:           0.0
                 I:           7.58e+02
            --------------------------------------------------------

sauron -d 5289.25 -g 444.5 -p 1366.1 --param 1366 3 2000 1 0 --limit 1360 1370 --dont-ask



LEVEL: 5289.25  GATE: 444.5  TRANSITION: 1366.1
Fit Results --------------------------------------------------------
                 Mean:        1.37e+03 +-      0.103        |    0%
                 Sigma:           1.65 +-      0.139        |    8%
                 Amplitude:   4.96e+02 +-       28.9        |    6%
                 m:              -5.43 +-       4.58        |  -84%
                 q:           7.46e+03 +-   6.24e+03        |   84%
                 I_diff:          -1.0
                 I:           2.04e+03
            --------------------------------------------------------

sauron -d 5289.25 -g 444.5 -p 2244.2 --limit 2241 2264 --dont-ask



LEVEL: 5289.25  GATE: 444.5  TRANSITION: 2244.2
Fit Results --------------------------------------------------------
                 Mean:        2.24e+03 +-      0.598        |    0%
                 Sigma:           1.69 +-      0.837        |   49%
                 Amplitude:   1.53e+02 +-       60.7        |   40%
                 m:              -1.24 +-       3.66        | -294%
                 q:            2.8e+03 +-   8.26e+03        |  295%
                 I_diff:          -1.0
                 I:           6.29e+02
            --------------------------------------------------------

sauron -d 5300.5 -g 1549.0 -p 4143.8 --param 4144 2 100 1 0 --limit 4139 4149 --dont-ask



LEVEL: 5300.5  GATE: 1549.0  TRANSITION: 4143.8
Fit Results --------------------------------------------------------
                 Mean:        4.14e+03 +-      0.258        |    0%
                 Sigma:           1.06 +-      0.293        |   28%
                 Amplitude:       26.2 +-       5.59        |   21%
                 m:             -0.349 +-      0.685        | -196%
                 q:           1.44e+03 +-   2.84e+03        |  197%
                 I_diff:           0.0
                 I:               69.8
            --------------------------------------------------------

sauron -d 5573.9 -g 5557.7 -p 1649.9 --limit 1629 1655 --dont-ask



LEVEL: 5573.9  GATE: 5557.7  TRANSITION: 1649.9
Fit Results --------------------------------------------------------
                 Mean:        1.65e+03 +-      0.116        |    0%
                 Sigma:          0.905 +-      0.133        |   15%
                 Amplitude:   3.02e+02 +-       35.2        |   12%
                 m:               1.17 +-       1.06        |   91%
                 q:          -1.87e+03 +-   1.74e+03        |  -93%
                 I_diff:           0.0
                 I:           6.86e+02
            --------------------------------------------------------

sauron -d 5573.9 -g 5557.7 -p 2264.6 --limit 2259 2285 --dont-ask



LEVEL: 5573.9  GATE: 5557.7  TRANSITION: 2264.6
Fit Results --------------------------------------------------------
                 Mean:        2.26e+03 +-     0.0583        |    0%
                 Sigma:           1.48 +-     0.0707        |    5%
                 Amplitude:   3.68e+02 +-       13.4        |    4%
                 m:             0.0903 +-      0.575        |  637%
                 q:          -2.06e+02 +-   1.31e+03        | -635%
                 I_diff:           0.0
                 I:           1.36e+03
            --------------------------------------------------------

sauron -d 5573.9 -g 5557.7 -p 476.8 --limit 472 481 --dont-ask



LEVEL: 5573.9  GATE: 5557.7  TRANSITION: 476.8
Fit Results --------------------------------------------------------
                 Mean:        4.76e+02 +-     0.0935        |    0%
                 Sigma:           1.18 +-      0.112        |   10%
                 Amplitude:   5.75e+02 +-       39.9        |    7%
                 m:               20.9 +-       6.11        |   29%
                 q:          -9.62e+03 +-   2.91e+03        |  -30%
                 I_diff:           0.0
                 I:           1.69e+03
            --------------------------------------------------------

sauron -d 5775.76 -g 5355.7 -p 678.6 --limit 658 682 --dont-ask



LEVEL: 5775.76  GATE: 5355.7  TRANSITION: 678.6
Fit Results --------------------------------------------------------
                 Mean:        6.79e+02 +-      0.107        |    0%
                 Sigma:          0.876 +-      0.119        |   14%
                 Amplitude:   6.16e+02 +-       67.7        |   11%
                 m:               9.81 +-       2.45        |   25%
                 q:          -5.58e+03 +-   1.64e+03        |  -29%
                 I_diff:           0.0
                 I:           1.35e+03
            --------------------------------------------------------

sauron -d 5775.76 -g 5355.7 -p 545.3 --limit 540 552 --dont-ask



LEVEL: 5775.76  GATE: 5355.7  TRANSITION: 545.3
Fit Results --------------------------------------------------------
                 Mean:        5.45e+02 +-     0.0544        |    0%
                 Sigma:          0.787 +-     0.0577        |    7%
                 Amplitude:   6.66e+02 +-       40.2        |    6%
                 m:              -1.23 +-       3.22        | -263%
                 q:           2.22e+03 +-   1.76e+03        |   79%
                 I_diff:           0.0
                 I:           1.31e+03
            --------------------------------------------------------

sauron -d 5775.76 -g 5355.7 -p 1606.6 --limit 1602 1612 --dont-ask



LEVEL: 5775.76  GATE: 5355.7  TRANSITION: 1606.6
Fit Results --------------------------------------------------------
                 Mean:        1.61e+03 +-     0.0641        |    0%
                 Sigma:           1.29 +-     0.0764        |    6%
                 Amplitude:   3.65e+02 +-       15.9        |    4%
                 m:               0.24 +-       2.17        |  906%
                 q:          -2.09e+02 +-   3.49e+03        | -1671%
                 I_diff:           0.0
                 I:           1.18e+03
            --------------------------------------------------------

sauron -d 5775.76 -g 5355.7 -p 1209.6 --limit 1203 1216 --dont-ask



LEVEL: 5775.76  GATE: 5355.7  TRANSITION: 1209.6
Fit Results --------------------------------------------------------
                 Mean:        1.21e+03 +-      0.215        |    0%
                 Sigma:           1.49 +-      0.247        |   17%
                 Amplitude:   1.71e+02 +-       21.7        |   13%
                 m:              0.824 +-        2.1        |  255%
                 q:          -7.57e+02 +-   2.55e+03        | -336%
                 I_diff:           0.0
                 I:           6.37e+02
            --------------------------------------------------------

sauron -d 5783.15 -g 5348.1 -p 1867.4 --limit 1863 1872 --dont-ask



LEVEL: 5783.15  GATE: 5348.1  TRANSITION: 1867.4
Fit Results --------------------------------------------------------
                 Mean:        1.87e+03 +-      0.126        |    0%
                 Sigma:           1.16 +-      0.151        |   13%
                 Amplitude:   1.61e+02 +-       15.3        |   10%
                 m:               3.61 +-       2.32        |   64%
                 q:          -6.55e+03 +-   4.33e+03        |  -66%
                 I_diff:           0.0
                 I:           4.68e+02
            --------------------------------------------------------

sauron -d 4196.1 -g 900.8 -p 519.7 --param 518 1 50 0.1 1 --limit 515 521 --dont-ask



LEVEL: 4196.1  GATE: 900.8  TRANSITION: 519.7
Fit Results --------------------------------------------------------
                 Mean:        5.19e+02 +-      0.354        |    0%
                 Sigma:          0.963 +-      0.488        |   51%
                 Amplitude:   1.98e+02 +-       72.7        |   37%
                 m:              -29.0 +-       21.1        |  -73%
                 q:           1.54e+04 +-   1.09e+04        |   71%
                 I_diff:           0.0
                 I:           4.74e+02
            --------------------------------------------------------

sauron -d 4584.08 -g 645.7 -p 1276.0 --limit 1274 1280 --dont-ask



LEVEL: 4584.08  GATE: 645.7  TRANSITION: 1276.0
Fit Results --------------------------------------------------------
                 Mean:        1.28e+03 +-      0.229        |    0%
                 Sigma:          0.669 +-      0.199        |   30%
                 Amplitude:   1.85e+02 +-       47.1        |   25%
                 m:               2.05 +-       10.9        |  532%
                 q:          -2.52e+03 +-    1.4e+04        | -555%
                 I_diff:           0.0
                 I:            3.1e+02
            --------------------------------------------------------

sauron -d 4584.08 -g 2088.2 -p 1276.0 --limit 1256 1280 --dont-ask



LEVEL: 4584.08  GATE: 2088.2  TRANSITION: 1276.0
Fit Results --------------------------------------------------------
                 Mean:        1.28e+03 +-      0.117        |    0%
                 Sigma:           1.28 +-       0.15        |   12%
                 Amplitude:   4.62e+02 +-       41.1        |    9%
                 m:               1.24 +-       2.01        |  162%
                 q:          -1.35e+03 +-   2.55e+03        | -189%
                 I_diff:          -1.0
                 I:           1.48e+03
            --------------------------------------------------------

sauron -d 4584.08 -g 1191.2 -p 1276.0 --limit 1256 1280 --dont-ask



LEVEL: 4584.08  GATE: 1191.2  TRANSITION: 1276.0
Fit Results --------------------------------------------------------
                 Mean:        1.28e+03 +-      0.158        |    0%
                 Sigma:          0.904 +-      0.176        |   19%
                 Amplitude:   2.82e+02 +-       44.4        |   16%
                 m:              0.582 +-       1.64        |  282%
                 q:          -6.06e+02 +-   2.08e+03        | -343%
                 I_diff:           0.0
                 I:           6.39e+02
            --------------------------------------------------------

sauron -d 6093.9 -g 5037.4 -p 4932.8 --limit 4920 4943 --dont-ask

